2025-09-04 16:48:47 EST | INFO     | main_processor | logger_setup.py:94 | Logger 'main_processor' initialized - Log file: C:\Users\carucci_r\OneDrive - City of Hackensack\02_ETL_Scripts\Community_Engagment\logs\main_processor.log
2025-09-04 16:48:47 EST | INFO     | main_processor | logger_setup.py:95 | Log rotation: 10,485,760 bytes, 5 backups
2025-09-04 16:48:47 EST | INFO     | main_processor | logger_setup.py:126 | Starting process_all_sources with sources=4
2025-09-04 16:48:47 EST | INFO     | main_processor | main_processor.py:85 | Processing community_engagement...
2025-09-04 16:48:49 EST | INFO     | main_processor | main_processor.py:111 | Successfully processed community_engagement: 100 records
2025-09-04 16:48:49 EST | INFO     | main_processor | main_processor.py:85 | Processing stacp...
2025-09-04 16:48:49 EST | INFO     | main_processor | main_processor.py:111 | Successfully processed stacp: 245 records
2025-09-04 16:48:49 EST | INFO     | main_processor | main_processor.py:85 | Processing patrol...
2025-09-04 16:48:49 EST | INFO     | main_processor | main_processor.py:111 | Successfully processed patrol: 74 records
2025-09-04 16:48:49 EST | INFO     | main_processor | main_processor.py:85 | Processing csb...
2025-09-04 16:48:49 EST | INFO     | main_processor | main_processor.py:111 | Successfully processed csb: 1 records
2025-09-04 16:48:49 EST | INFO     | main_processor | logger_setup.py:141 | Operation process_all_sources completed successfully - sources_processed=4
2025-09-04 16:48:49 EST | INFO     | main_processor | logger_setup.py:126 | Starting combine_data with sources=4
2025-09-04 16:48:49 EST | INFO     | main_processor | logger_setup.py:141 | Operation combine_data completed successfully - total_records=420
2025-09-04 16:48:49 EST | INFO     | main_processor | logger_setup.py:126 | Starting generate_reports
2025-09-04 16:48:49 EST | INFO     | main_processor | logger_setup.py:141 | Operation generate_reports completed successfully - reports_generated=2
2025-09-04 16:48:49 EST | INFO     | main_processor | logger_setup.py:126 | Starting export_data with formats=['csv', 'excel']
2025-09-04 16:48:50 EST | INFO     | main_processor | logger_setup.py:141 | Operation export_data completed successfully - files_exported=2
2025-09-04 16:48:50 EST | INFO     | main_processor | main_processor.py:301 | Processing completed successfully
2025-09-04 16:50:21 EST | INFO     | main_processor | logger_setup.py:94 | Logger 'main_processor' initialized - Log file: C:\Users\carucci_r\OneDrive - City of Hackensack\02_ETL_Scripts\Community_Engagment\logs\main_processor.log
2025-09-04 16:50:21 EST | INFO     | main_processor | logger_setup.py:95 | Log rotation: 10,485,760 bytes, 5 backups
2025-09-04 16:50:21 EST | INFO     | main_processor | logger_setup.py:126 | Starting process_all_sources with sources=4
2025-09-04 16:50:21 EST | INFO     | main_processor | main_processor.py:90 | Processing community_engagement...
2025-09-04 16:50:22 EST | INFO     | main_processor | main_processor.py:116 | Successfully processed community_engagement: 100 records
2025-09-04 16:50:22 EST | INFO     | main_processor | main_processor.py:90 | Processing stacp...
2025-09-04 16:50:22 EST | INFO     | main_processor | main_processor.py:116 | Successfully processed stacp: 245 records
2025-09-04 16:50:22 EST | INFO     | main_processor | main_processor.py:90 | Processing patrol...
2025-09-04 16:50:22 EST | INFO     | main_processor | main_processor.py:116 | Successfully processed patrol: 74 records
2025-09-04 16:50:22 EST | INFO     | main_processor | main_processor.py:87 | Skipping disabled source: csb
2025-09-04 16:50:22 EST | INFO     | main_processor | logger_setup.py:141 | Operation process_all_sources completed successfully - sources_processed=3
2025-09-04 16:50:22 EST | INFO     | main_processor | logger_setup.py:126 | Starting combine_data with sources=3
2025-09-04 16:50:22 EST | INFO     | main_processor | logger_setup.py:141 | Operation combine_data completed successfully - total_records=419
2025-09-04 16:50:22 EST | INFO     | main_processor | logger_setup.py:126 | Starting generate_reports
2025-09-04 16:50:22 EST | INFO     | main_processor | logger_setup.py:141 | Operation generate_reports completed successfully - reports_generated=2
2025-09-04 16:50:22 EST | INFO     | main_processor | logger_setup.py:126 | Starting export_data with formats=['csv', 'excel']
2025-09-04 16:50:22 EST | INFO     | main_processor | logger_setup.py:141 | Operation export_data completed successfully - files_exported=2
2025-09-04 16:50:22 EST | INFO     | main_processor | main_processor.py:306 | Processing completed successfully
2025-09-04 16:50:50 EST | INFO     | main_processor | logger_setup.py:94 | Logger 'main_processor' initialized - Log file: C:\Users\carucci_r\OneDrive - City of Hackensack\02_ETL_Scripts\Community_Engagment\logs\main_processor.log
2025-09-04 16:50:50 EST | INFO     | main_processor | logger_setup.py:95 | Log rotation: 10,485,760 bytes, 5 backups
2025-09-04 16:50:51 EST | INFO     | main_processor | logger_setup.py:126 | Starting process_all_sources with sources=4
2025-09-04 16:50:51 EST | INFO     | main_processor | main_processor.py:90 | Processing community_engagement...
2025-09-04 16:50:51 EST | INFO     | main_processor | main_processor.py:116 | Successfully processed community_engagement: 3 records
2025-09-04 16:50:51 EST | INFO     | main_processor | main_processor.py:90 | Processing stacp...
2025-09-04 16:50:51 EST | INFO     | main_processor | main_processor.py:116 | Successfully processed stacp: 3 records
2025-09-04 16:50:51 EST | INFO     | main_processor | main_processor.py:90 | Processing patrol...
2025-09-04 16:50:51 EST | INFO     | main_processor | main_processor.py:116 | Successfully processed patrol: 3 records
2025-09-04 16:50:51 EST | INFO     | main_processor | main_processor.py:90 | Processing csb...
2025-09-04 16:50:51 EST | INFO     | main_processor | main_processor.py:116 | Successfully processed csb: 3 records
2025-09-04 16:50:51 EST | INFO     | main_processor | logger_setup.py:141 | Operation process_all_sources completed successfully - sources_processed=4
2025-09-04 16:50:51 EST | INFO     | main_processor | logger_setup.py:126 | Starting combine_data with sources=4
2025-09-04 16:50:51 EST | ERROR    | main_processor | logger_setup.py:143 | Operation combine_data failed - error='<=' not supported between instances of 'float' and 'str'
2025-09-04 16:51:31 EST | INFO     | main_processor | logger_setup.py:94 | Logger 'main_processor' initialized - Log file: C:\Users\carucci_r\OneDrive - City of Hackensack\02_ETL_Scripts\Community_Engagment\logs\main_processor.log
2025-09-04 16:51:31 EST | INFO     | main_processor | logger_setup.py:95 | Log rotation: 10,485,760 bytes, 5 backups
2025-09-04 16:51:32 EST | INFO     | main_processor | logger_setup.py:126 | Starting process_all_sources with sources=4
2025-09-04 16:51:32 EST | INFO     | main_processor | main_processor.py:90 | Processing community_engagement...
2025-09-04 16:51:32 EST | INFO     | main_processor | main_processor.py:116 | Successfully processed community_engagement: 3 records
2025-09-04 16:51:32 EST | INFO     | main_processor | main_processor.py:90 | Processing stacp...
2025-09-04 16:51:32 EST | INFO     | main_processor | main_processor.py:116 | Successfully processed stacp: 3 records
2025-09-04 16:51:32 EST | INFO     | main_processor | main_processor.py:90 | Processing patrol...
2025-09-04 16:51:32 EST | INFO     | main_processor | main_processor.py:116 | Successfully processed patrol: 3 records
2025-09-04 16:51:32 EST | INFO     | main_processor | main_processor.py:90 | Processing csb...
2025-09-04 16:51:32 EST | INFO     | main_processor | main_processor.py:116 | Successfully processed csb: 3 records
2025-09-04 16:51:32 EST | INFO     | main_processor | logger_setup.py:141 | Operation process_all_sources completed successfully - sources_processed=4
2025-09-04 16:51:32 EST | INFO     | main_processor | logger_setup.py:126 | Starting combine_data with sources=4
2025-09-04 16:51:32 EST | INFO     | main_processor | logger_setup.py:141 | Operation combine_data completed successfully - total_records=12
2025-09-04 17:22:09 EST | INFO     | main_processor | logger_setup.py:94 | Logger 'main_processor' initialized - Log file: C:\Users\carucci_r\OneDrive - City of Hackensack\02_ETL_Scripts\Community_Engagment\logs\main_processor.log
2025-09-04 17:22:09 EST | INFO     | main_processor | logger_setup.py:95 | Log rotation: 10,485,760 bytes, 5 backups
2025-09-04 17:22:09 EST | INFO     | main_processor | logger_setup.py:126 | Starting process_all_sources with sources=1
2025-09-04 17:22:09 EST | INFO     | main_processor | main_processor.py:90 | Processing community_engagement...
2025-09-04 17:22:10 EST | INFO     | main_processor | main_processor.py:116 | Successfully processed community_engagement: 100 records
2025-09-04 17:22:10 EST | INFO     | main_processor | logger_setup.py:141 | Operation process_all_sources completed successfully - sources_processed=1
2025-09-04 17:22:10 EST | INFO     | main_processor | logger_setup.py:126 | Starting combine_data with sources=1
2025-09-04 17:22:10 EST | INFO     | main_processor | logger_setup.py:141 | Operation combine_data completed successfully - total_records=100
2025-09-04 17:23:01 EST | INFO     | main_processor | logger_setup.py:94 | Logger 'main_processor' initialized - Log file: C:\Users\carucci_r\OneDrive - City of Hackensack\02_ETL_Scripts\Community_Engagment\logs\main_processor.log
2025-09-04 17:23:01 EST | INFO     | main_processor | logger_setup.py:95 | Log rotation: 10,485,760 bytes, 5 backups
2025-09-04 17:23:01 EST | INFO     | main_processor | logger_setup.py:126 | Starting process_all_sources with sources=4
2025-09-04 17:23:01 EST | INFO     | main_processor | main_processor.py:90 | Processing community_engagement...
2025-09-04 17:23:01 EST | INFO     | main_processor | main_processor.py:116 | Successfully processed community_engagement: 100 records
2025-09-04 17:23:01 EST | INFO     | main_processor | main_processor.py:90 | Processing stacp...
2025-09-04 17:23:01 EST | INFO     | main_processor | main_processor.py:116 | Successfully processed stacp: 245 records
2025-09-04 17:23:01 EST | INFO     | main_processor | main_processor.py:90 | Processing patrol...
2025-09-04 17:23:01 EST | INFO     | main_processor | main_processor.py:116 | Successfully processed patrol: 74 records
2025-09-04 17:23:01 EST | INFO     | main_processor | main_processor.py:90 | Processing csb...
2025-09-04 17:23:02 EST | INFO     | main_processor | main_processor.py:116 | Successfully processed csb: 22 records
2025-09-04 17:23:02 EST | INFO     | main_processor | logger_setup.py:141 | Operation process_all_sources completed successfully - sources_processed=4
2025-09-04 17:23:02 EST | INFO     | main_processor | logger_setup.py:126 | Starting combine_data with sources=4
2025-09-04 17:23:02 EST | INFO     | main_processor | logger_setup.py:141 | Operation combine_data completed successfully - total_records=441
2025-09-04 17:23:02 EST | INFO     | main_processor | logger_setup.py:126 | Starting export_data with formats=['csv']
2025-09-04 17:23:02 EST | INFO     | main_processor | logger_setup.py:141 | Operation export_data completed successfully - files_exported=1
2025-09-04 18:04:22 EST | INFO     | main_processor | logger_setup.py:94 | Logger 'main_processor' initialized - Log file: C:\Users\carucci_r\OneDrive - City of Hackensack\02_ETL_Scripts\Community_Engagment\logs\main_processor.log
2025-09-04 18:04:22 EST | INFO     | main_processor | logger_setup.py:95 | Log rotation: 10,485,760 bytes, 5 backups
2025-09-04 18:04:22 EST | INFO     | main_processor | logger_setup.py:126 | Starting process_all_sources with sources=4
2025-09-04 18:04:22 EST | INFO     | main_processor | main_processor.py:90 | Processing community_engagement...
2025-09-04 18:04:22 EST | INFO     | main_processor | main_processor.py:116 | Successfully processed community_engagement: 100 records
2025-09-04 18:04:22 EST | INFO     | main_processor | main_processor.py:90 | Processing stacp...
2025-09-04 18:04:23 EST | INFO     | main_processor | main_processor.py:116 | Successfully processed stacp: 245 records
2025-09-04 18:04:23 EST | INFO     | main_processor | main_processor.py:90 | Processing patrol...
2025-09-04 18:04:23 EST | INFO     | main_processor | main_processor.py:116 | Successfully processed patrol: 74 records
2025-09-04 18:04:23 EST | INFO     | main_processor | main_processor.py:90 | Processing csb...
2025-09-04 18:04:23 EST | INFO     | main_processor | main_processor.py:116 | Successfully processed csb: 22 records
2025-09-04 18:04:23 EST | INFO     | main_processor | logger_setup.py:141 | Operation process_all_sources completed successfully - sources_processed=4
2025-09-04 18:04:23 EST | INFO     | main_processor | logger_setup.py:126 | Starting combine_data with sources=4
2025-09-04 18:04:23 EST | INFO     | main_processor | logger_setup.py:141 | Operation combine_data completed successfully - total_records=441
2025-09-04 18:04:23 EST | INFO     | main_processor | logger_setup.py:126 | Starting generate_reports
2025-09-04 18:04:23 EST | INFO     | main_processor | logger_setup.py:141 | Operation generate_reports completed successfully - reports_generated=2
2025-09-04 18:04:23 EST | INFO     | main_processor | logger_setup.py:126 | Starting export_data with formats=['csv', 'excel']
2025-09-04 18:04:23 EST | INFO     | main_processor | logger_setup.py:141 | Operation export_data completed successfully - files_exported=2
2025-09-04 18:04:23 EST | INFO     | main_processor | main_processor.py:316 | Processing completed successfully
2025-09-04 18:11:59 EST | INFO     | main_processor | logger_setup.py:94 | Logger 'main_processor' initialized - Log file: C:\Users\carucci_r\OneDrive - City of Hackensack\02_ETL_Scripts\Community_Engagment\logs\main_processor.log
2025-09-04 18:11:59 EST | INFO     | main_processor | logger_setup.py:95 | Log rotation: 10,485,760 bytes, 5 backups
2025-09-04 18:11:59 EST | INFO     | main_processor | logger_setup.py:126 | Starting process_all_sources with sources=4
2025-09-04 18:11:59 EST | INFO     | main_processor | main_processor.py:90 | Processing community_engagement...
2025-09-04 18:11:59 EST | INFO     | main_processor | main_processor.py:116 | Successfully processed community_engagement: 100 records
2025-09-04 18:11:59 EST | INFO     | main_processor | main_processor.py:90 | Processing stacp...
2025-09-04 18:12:00 EST | INFO     | main_processor | main_processor.py:116 | Successfully processed stacp: 245 records
2025-09-04 18:12:00 EST | INFO     | main_processor | main_processor.py:90 | Processing patrol...
2025-09-04 18:12:00 EST | ERROR    | main_processor | main_processor.py:120 | Failed to process patrol: Failed to read Excel source: File is locked or permission denied: C:\Users\carucci_r\OneDrive - City of Hackensack\Shared Folder\Compstat\Contributions\Patrol\patrol_monthly.xlsm
2025-09-04 18:12:00 EST | INFO     | main_processor | main_processor.py:90 | Processing csb...
2025-09-04 18:12:00 EST | INFO     | main_processor | main_processor.py:116 | Successfully processed csb: 22 records
2025-09-04 18:12:00 EST | INFO     | main_processor | logger_setup.py:141 | Operation process_all_sources completed successfully - sources_processed=3
2025-09-04 18:12:00 EST | INFO     | main_processor | logger_setup.py:126 | Starting combine_data with sources=3
2025-09-04 18:12:00 EST | INFO     | main_processor | logger_setup.py:141 | Operation combine_data completed successfully - total_records=367
2025-09-04 18:12:00 EST | INFO     | main_processor | logger_setup.py:126 | Starting generate_reports
2025-09-04 18:12:00 EST | INFO     | main_processor | logger_setup.py:141 | Operation generate_reports completed successfully - reports_generated=2
2025-09-04 18:12:00 EST | INFO     | main_processor | logger_setup.py:126 | Starting export_data with formats=['csv', 'excel']
2025-09-04 18:12:00 EST | INFO     | main_processor | logger_setup.py:141 | Operation export_data completed successfully - files_exported=2
2025-09-04 18:12:00 EST | INFO     | main_processor | main_processor.py:316 | Processing completed successfully
2025-09-04 18:12:28 EST | INFO     | main_processor | logger_setup.py:94 | Logger 'main_processor' initialized - Log file: C:\Users\carucci_r\OneDrive - City of Hackensack\02_ETL_Scripts\Community_Engagment\logs\main_processor.log
2025-09-04 18:12:28 EST | INFO     | main_processor | logger_setup.py:95 | Log rotation: 10,485,760 bytes, 5 backups
2025-09-04 18:12:28 EST | INFO     | main_processor | logger_setup.py:126 | Starting process_all_sources with sources=4
2025-09-04 18:12:28 EST | INFO     | main_processor | main_processor.py:90 | Processing community_engagement...
2025-09-04 18:12:28 EST | INFO     | main_processor | main_processor.py:116 | Successfully processed community_engagement: 100 records
2025-09-04 18:12:28 EST | INFO     | main_processor | main_processor.py:90 | Processing stacp...
2025-09-04 18:12:29 EST | INFO     | main_processor | main_processor.py:116 | Successfully processed stacp: 245 records
2025-09-04 18:12:29 EST | INFO     | main_processor | main_processor.py:90 | Processing patrol...
2025-09-04 18:12:29 EST | INFO     | main_processor | main_processor.py:116 | Successfully processed patrol: 74 records
2025-09-04 18:12:29 EST | INFO     | main_processor | main_processor.py:90 | Processing csb...
2025-09-04 18:12:29 EST | INFO     | main_processor | main_processor.py:116 | Successfully processed csb: 22 records
2025-09-04 18:12:29 EST | INFO     | main_processor | logger_setup.py:141 | Operation process_all_sources completed successfully - sources_processed=4
2025-09-04 18:12:29 EST | INFO     | main_processor | logger_setup.py:126 | Starting combine_data with sources=4
2025-09-04 18:12:29 EST | INFO     | main_processor | logger_setup.py:141 | Operation combine_data completed successfully - total_records=441
2025-09-04 18:12:29 EST | INFO     | main_processor | logger_setup.py:126 | Starting generate_reports
2025-09-04 18:12:29 EST | INFO     | main_processor | logger_setup.py:141 | Operation generate_reports completed successfully - reports_generated=2
2025-09-04 18:12:29 EST | INFO     | main_processor | logger_setup.py:126 | Starting export_data with formats=['csv', 'excel']
2025-09-04 18:12:29 EST | INFO     | main_processor | logger_setup.py:141 | Operation export_data completed successfully - files_exported=2
2025-09-04 18:12:29 EST | INFO     | main_processor | main_processor.py:316 | Processing completed successfully
2025-10-09 20:51:47 EST | INFO     | main_processor | logger_setup.py:94 | Logger 'main_processor' initialized - Log file: C:\Users\carucci_r\OneDrive - City of Hackensack\02_ETL_Scripts\Community_Engagment\logs\main_processor.log
2025-10-09 20:51:47 EST | INFO     | main_processor | logger_setup.py:95 | Log rotation: 10,485,760 bytes, 5 backups
2025-10-09 20:51:47 EST | INFO     | main_processor | logger_setup.py:126 | Starting process_all_sources with sources=4
2025-10-09 20:51:47 EST | INFO     | main_processor | main_processor.py:90 | Processing community_engagement...
2025-10-09 20:51:48 EST | INFO     | main_processor | main_processor.py:116 | Successfully processed community_engagement: 111 records
2025-10-09 20:51:48 EST | INFO     | main_processor | main_processor.py:90 | Processing stacp...
2025-10-09 20:51:50 EST | INFO     | main_processor | main_processor.py:116 | Successfully processed stacp: 252 records
2025-10-09 20:51:50 EST | INFO     | main_processor | main_processor.py:90 | Processing patrol...
2025-10-09 20:51:51 EST | INFO     | main_processor | main_processor.py:116 | Successfully processed patrol: 74 records
2025-10-09 20:51:51 EST | INFO     | main_processor | main_processor.py:90 | Processing csb...
2025-10-09 20:51:52 EST | INFO     | main_processor | main_processor.py:116 | Successfully processed csb: 22 records
2025-10-09 20:51:52 EST | INFO     | main_processor | logger_setup.py:141 | Operation process_all_sources completed successfully - sources_processed=4
2025-10-09 20:51:52 EST | INFO     | main_processor | logger_setup.py:126 | Starting combine_data with sources=4
2025-10-09 20:51:52 EST | INFO     | main_processor | logger_setup.py:141 | Operation combine_data completed successfully - total_records=459
2025-10-09 20:51:52 EST | INFO     | main_processor | logger_setup.py:126 | Starting generate_reports
2025-10-09 20:51:52 EST | INFO     | main_processor | logger_setup.py:141 | Operation generate_reports completed successfully - reports_generated=2
2025-10-09 20:51:52 EST | INFO     | main_processor | logger_setup.py:126 | Starting export_data with formats=['csv', 'excel']
2025-10-09 20:51:53 EST | INFO     | main_processor | logger_setup.py:141 | Operation export_data completed successfully - files_exported=2
2025-10-09 20:51:53 EST | INFO     | main_processor | main_processor.py:316 | Processing completed successfully
2025-10-10 10:37:50 EST | INFO     | main_processor | logger_setup.py:94 | Logger 'main_processor' initialized - Log file: C:\Users\carucci_r\OneDrive - City of Hackensack\02_ETL_Scripts\Community_Engagment\logs\main_processor.log
2025-10-10 10:37:50 EST | INFO     | main_processor | logger_setup.py:95 | Log rotation: 10,485,760 bytes, 5 backups
2025-10-10 10:37:50 EST | INFO     | main_processor | logger_setup.py:126 | Starting process_all_sources with sources=4
2025-10-10 10:37:50 EST | INFO     | main_processor | main_processor.py:90 | Processing community_engagement...
2025-10-10 10:37:51 EST | INFO     | main_processor | main_processor.py:116 | Successfully processed community_engagement: 120 records
2025-10-10 10:37:51 EST | INFO     | main_processor | main_processor.py:90 | Processing stacp...
2025-10-10 10:37:51 EST | INFO     | main_processor | main_processor.py:116 | Successfully processed stacp: 252 records
2025-10-10 10:37:51 EST | INFO     | main_processor | main_processor.py:90 | Processing patrol...
2025-10-10 10:37:51 EST | INFO     | main_processor | main_processor.py:116 | Successfully processed patrol: 74 records
2025-10-10 10:37:51 EST | INFO     | main_processor | main_processor.py:90 | Processing csb...
2025-10-10 10:37:51 EST | INFO     | main_processor | main_processor.py:116 | Successfully processed csb: 22 records
2025-10-10 10:37:51 EST | INFO     | main_processor | logger_setup.py:141 | Operation process_all_sources completed successfully - sources_processed=4
2025-10-10 10:37:51 EST | INFO     | main_processor | logger_setup.py:126 | Starting combine_data with sources=4
2025-10-10 10:37:51 EST | INFO     | main_processor | logger_setup.py:141 | Operation combine_data completed successfully - total_records=468
2025-10-10 10:37:51 EST | INFO     | main_processor | logger_setup.py:126 | Starting generate_reports
2025-10-10 10:37:51 EST | INFO     | main_processor | logger_setup.py:141 | Operation generate_reports completed successfully - reports_generated=2
2025-10-10 10:37:51 EST | INFO     | main_processor | logger_setup.py:126 | Starting export_data with formats=['csv', 'excel']
2025-10-10 10:37:52 EST | INFO     | main_processor | logger_setup.py:141 | Operation export_data completed successfully - files_exported=2
2025-10-10 10:37:52 EST | INFO     | main_processor | main_processor.py:316 | Processing completed successfully
2025-11-10 09:51:13 EST | INFO     | main_processor | logger_setup.py:94 | Logger 'main_processor' initialized - Log file: C:\Users\carucci_r\OneDrive - City of Hackensack\02_ETL_Scripts\Community_Engagment\logs\main_processor.log
2025-11-10 09:51:13 EST | INFO     | main_processor | logger_setup.py:95 | Log rotation: 10,485,760 bytes, 5 backups
2025-11-10 09:51:13 EST | INFO     | main_processor | logger_setup.py:126 | Starting process_all_sources with sources=4
2025-11-10 09:51:13 EST | INFO     | main_processor | main_processor.py:90 | Processing community_engagement...
2025-11-10 09:51:14 EST | INFO     | main_processor | main_processor.py:116 | Successfully processed community_engagement: 134 records
2025-11-10 09:51:14 EST | INFO     | main_processor | main_processor.py:90 | Processing stacp...
2025-11-10 09:51:15 EST | INFO     | main_processor | main_processor.py:116 | Successfully processed stacp: 269 records
2025-11-10 09:51:15 EST | INFO     | main_processor | main_processor.py:90 | Processing patrol...
2025-11-10 09:51:16 EST | INFO     | main_processor | main_processor.py:116 | Successfully processed patrol: 74 records
2025-11-10 09:51:16 EST | INFO     | main_processor | main_processor.py:90 | Processing csb...
2025-11-10 09:51:18 EST | INFO     | main_processor | main_processor.py:116 | Successfully processed csb: 22 records
2025-11-10 09:51:18 EST | INFO     | main_processor | logger_setup.py:141 | Operation process_all_sources completed successfully - sources_processed=4
2025-11-10 09:51:18 EST | INFO     | main_processor | logger_setup.py:126 | Starting combine_data with sources=4
2025-11-10 09:51:18 EST | INFO     | main_processor | logger_setup.py:141 | Operation combine_data completed successfully - total_records=499
2025-11-10 09:51:18 EST | INFO     | main_processor | logger_setup.py:126 | Starting generate_reports
2025-11-10 09:51:18 EST | INFO     | main_processor | logger_setup.py:141 | Operation generate_reports completed successfully - reports_generated=2
2025-11-10 09:51:18 EST | INFO     | main_processor | logger_setup.py:126 | Starting export_data with formats=['csv', 'excel']
2025-11-10 09:51:18 EST | INFO     | main_processor | logger_setup.py:141 | Operation export_data completed successfully - files_exported=2
2025-11-10 09:51:18 EST | INFO     | main_processor | main_processor.py:316 | Processing completed successfully
2025-11-10 10:26:18 EST | INFO     | main_processor | logger_setup.py:94 | Logger 'main_processor' initialized - Log file: C:\Users\carucci_r\OneDrive - City of Hackensack\02_ETL_Scripts\Community_Engagment\logs\main_processor.log
2025-11-10 10:26:18 EST | INFO     | main_processor | logger_setup.py:95 | Log rotation: 10,485,760 bytes, 5 backups
2025-11-10 10:26:18 EST | INFO     | main_processor | logger_setup.py:126 | Starting process_all_sources with sources=4
2025-11-10 10:26:18 EST | INFO     | main_processor | main_processor.py:90 | Processing community_engagement...
2025-11-10 10:26:19 EST | INFO     | main_processor | main_processor.py:116 | Successfully processed community_engagement: 134 records
2025-11-10 10:26:19 EST | INFO     | main_processor | main_processor.py:90 | Processing stacp...
2025-11-10 10:26:19 EST | ERROR    | main_processor | main_processor.py:104 | File not found for stacp: C:\Users\carucci_r\OneDrive - City of Hackensack\Shared Folder\Compstat\Contributions\STACP\STACP.xlsm
2025-11-10 10:26:19 EST | INFO     | main_processor | main_processor.py:90 | Processing patrol...
2025-11-10 10:26:19 EST | INFO     | main_processor | main_processor.py:116 | Successfully processed patrol: 74 records
2025-11-10 10:26:19 EST | INFO     | main_processor | main_processor.py:90 | Processing csb...
2025-11-10 10:26:19 EST | INFO     | main_processor | main_processor.py:116 | Successfully processed csb: 22 records
2025-11-10 10:26:19 EST | INFO     | main_processor | logger_setup.py:141 | Operation process_all_sources completed successfully - sources_processed=3
2025-11-10 10:26:19 EST | INFO     | main_processor | logger_setup.py:126 | Starting combine_data with sources=3
2025-11-10 10:26:19 EST | INFO     | main_processor | logger_setup.py:141 | Operation combine_data completed successfully - total_records=230
2025-11-10 10:26:19 EST | INFO     | main_processor | logger_setup.py:126 | Starting generate_reports
2025-11-10 10:26:19 EST | INFO     | main_processor | logger_setup.py:141 | Operation generate_reports completed successfully - reports_generated=2
2025-11-10 10:26:19 EST | INFO     | main_processor | logger_setup.py:126 | Starting export_data with formats=['csv', 'excel']
2025-11-10 10:26:19 EST | INFO     | main_processor | logger_setup.py:141 | Operation export_data completed successfully - files_exported=2
2025-11-10 10:26:19 EST | INFO     | main_processor | main_processor.py:316 | Processing completed successfully
2025-11-10 11:33:08 EST | INFO     | main_processor | logger_setup.py:94 | Logger 'main_processor' initialized - Log file: C:\Users\carucci_r\OneDrive - City of Hackensack\02_ETL_Scripts\Community_Engagment\logs\main_processor.log
2025-11-10 11:33:08 EST | INFO     | main_processor | logger_setup.py:95 | Log rotation: 10,485,760 bytes, 5 backups
2025-11-10 11:33:08 EST | INFO     | main_processor | logger_setup.py:126 | Starting process_all_sources with sources=4
2025-11-10 11:33:08 EST | INFO     | main_processor | main_processor.py:90 | Processing community_engagement...
2025-11-10 11:33:09 EST | INFO     | main_processor | main_processor.py:116 | Successfully processed community_engagement: 139 records
2025-11-10 11:33:09 EST | INFO     | main_processor | main_processor.py:90 | Processing stacp...
2025-11-10 11:33:09 EST | ERROR    | main_processor | main_processor.py:120 | Failed to process stacp: Failed to read Excel source: File is locked or permission denied: C:\Users\carucci_r\OneDrive - City of Hackensack\Shared Folder\Compstat\Contributions\STACP\STACP.xlsm
2025-11-10 11:33:09 EST | INFO     | main_processor | main_processor.py:90 | Processing patrol...
2025-11-10 11:33:09 EST | INFO     | main_processor | main_processor.py:116 | Successfully processed patrol: 74 records
2025-11-10 11:33:09 EST | INFO     | main_processor | main_processor.py:90 | Processing csb...
2025-11-10 11:33:10 EST | INFO     | main_processor | main_processor.py:116 | Successfully processed csb: 22 records
2025-11-10 11:33:10 EST | INFO     | main_processor | logger_setup.py:141 | Operation process_all_sources completed successfully - sources_processed=3
2025-11-10 11:33:10 EST | INFO     | main_processor | logger_setup.py:126 | Starting combine_data with sources=3
2025-11-10 11:33:10 EST | INFO     | main_processor | logger_setup.py:141 | Operation combine_data completed successfully - total_records=235
2025-11-10 11:33:10 EST | INFO     | main_processor | logger_setup.py:126 | Starting generate_reports
2025-11-10 11:33:10 EST | INFO     | main_processor | logger_setup.py:141 | Operation generate_reports completed successfully - reports_generated=2
2025-11-10 11:33:10 EST | INFO     | main_processor | logger_setup.py:126 | Starting export_data with formats=['csv', 'excel']
2025-11-10 11:33:10 EST | INFO     | main_processor | logger_setup.py:141 | Operation export_data completed successfully - files_exported=2
2025-11-10 11:33:10 EST | INFO     | main_processor | main_processor.py:316 | Processing completed successfully
2025-11-10 11:34:19 EST | INFO     | main_processor | logger_setup.py:94 | Logger 'main_processor' initialized - Log file: C:\Users\carucci_r\OneDrive - City of Hackensack\02_ETL_Scripts\Community_Engagment\logs\main_processor.log
2025-11-10 11:34:19 EST | INFO     | main_processor | logger_setup.py:95 | Log rotation: 10,485,760 bytes, 5 backups
2025-11-10 11:34:19 EST | INFO     | main_processor | logger_setup.py:126 | Starting process_all_sources with sources=4
2025-11-10 11:34:19 EST | INFO     | main_processor | main_processor.py:90 | Processing community_engagement...
2025-11-10 11:34:21 EST | INFO     | main_processor | main_processor.py:116 | Successfully processed community_engagement: 139 records
2025-11-10 11:34:21 EST | INFO     | main_processor | main_processor.py:90 | Processing stacp...
2025-11-10 11:34:22 EST | INFO     | main_processor | main_processor.py:116 | Successfully processed stacp: 269 records
2025-11-10 11:34:22 EST | INFO     | main_processor | main_processor.py:90 | Processing patrol...
2025-11-10 11:34:22 EST | INFO     | main_processor | main_processor.py:116 | Successfully processed patrol: 74 records
2025-11-10 11:34:22 EST | INFO     | main_processor | main_processor.py:90 | Processing csb...
2025-11-10 11:34:22 EST | INFO     | main_processor | main_processor.py:116 | Successfully processed csb: 22 records
2025-11-10 11:34:22 EST | INFO     | main_processor | logger_setup.py:141 | Operation process_all_sources completed successfully - sources_processed=4
2025-11-10 11:34:22 EST | INFO     | main_processor | logger_setup.py:126 | Starting combine_data with sources=4
2025-11-10 11:34:22 EST | INFO     | main_processor | logger_setup.py:141 | Operation combine_data completed successfully - total_records=504
2025-11-10 11:34:22 EST | INFO     | main_processor | logger_setup.py:126 | Starting generate_reports
2025-11-10 11:34:22 EST | INFO     | main_processor | logger_setup.py:141 | Operation generate_reports completed successfully - reports_generated=2
2025-11-10 11:34:22 EST | INFO     | main_processor | logger_setup.py:126 | Starting export_data with formats=['csv', 'excel']
2025-11-10 11:34:22 EST | INFO     | main_processor | logger_setup.py:141 | Operation export_data completed successfully - files_exported=2
2025-11-10 11:34:22 EST | INFO     | main_processor | main_processor.py:316 | Processing completed successfully
